<?xml version="1.0" encoding="UTF-8"?>
<testng-results ignored="0" total="1" passed="1" failed="0" skipped="0">
  <reporter-output>
  </reporter-output>
  <suite started-at="2024-12-26T12:29:16 IST" name="Default suite" finished-at="2024-12-26T12:36:05 IST" duration-ms="409880">
    <groups>
    </groups>
    <test started-at="2024-12-26T12:29:16 IST" name="Default test" finished-at="2024-12-26T12:36:05 IST" duration-ms="409880">
      <class name="com.test.user.UserManagementModule.AllScenarios_CollectionAgencyRoleMangement">
        <test-method is-config="true" signature="reference()[pri:0, instance:com.test.user.UserManagementModule.AllScenarios_CollectionAgencyRoleMangement@3fc2959f]" started-at="2024-12-26T12:29:15 IST" name="reference" finished-at="2024-12-26T12:29:16 IST" duration-ms="742" status="PASS">
          <reporter-output>
          </reporter-output>
        </test-method> <!-- reference -->
        <test-method signature="RUNALL(java.util.Map,org.testng.ITestContext)[pri:0, instance:com.test.user.UserManagementModule.AllScenarios_CollectionAgencyRoleMangement@3fc2959f]" started-at="2024-12-26T12:29:16 IST" name="RUNALL" data-provider="TestData" finished-at="2024-12-26T12:36:05 IST" duration-ms="408948" status="PASS">
          <params>
            <param index="0">
              <value>
                <![CDATA[{AlphanumericName=Role25, Role Name=Role5, Run=Yes, specialCharacters=^%$, TestScenario=TC_ProcessSheet_CollectionAgency}]]>
              </value>
            </param>
            <param index="1">
              <value>
                <![CDATA[org.testng.TestRunner@7a799159]]>
              </value>
            </param>
          </params>
          <reporter-output>
          </reporter-output>
        </test-method> <!-- RUNALL -->
      </class> <!-- com.test.user.UserManagementModule.AllScenarios_CollectionAgencyRoleMangement -->
    </test> <!-- Default test -->
  </suite> <!-- Default suite -->
</testng-results>
